law/三一九槍擊事件真相調查特別委員會條例.xml
law/下水道法.xml
law/不動產估價師法.xml
law/不動產經紀業管理條例.xml
law/不動產證券化條例.xml
law/中央健康保險局組織條例.xml
law/中央政府建設公債及借款條例.xml
law/中央政府機關總員額法.xml
law/中央法規標準法.xml
law/中央研究院組織法.xml
law/中央行政機關組織基準法.xml
law/中央警察大學組織條例.xml
law/中央通訊社設置條例.xml
law/中央選舉委員會組織法.xml
law/中央銀行法.xml
law/中小企業發展條例.xml
law/中華民國七十七年罪犯減刑條例.xml
law/中華民國九十六年罪犯減刑條例.xml
law/中華民國八十年罪犯減刑條例.xml
law/中華民國刑法施行法.xml
law/中華民國國徽國旗法.xml
law/中華民國專屬經濟海域及大陸礁層法.xml
law/中華民國憲法增修條文.xml
law/中華民國紅十字會法.xml
law/中華民國總統府組織法.xml
law/中華民國領海及鄰接區法.xml
law/中華郵政股份有限公司設置條例.xml
law/中華電信股份有限公司條例.xml
law/主計機構人員設置管理條例.xml
law/九二一震災重建暫行條例.xml
law/事業用爆炸物管理條例.xml
law/二二八事件處理及補償條例.xmlx
law/二二八事件處理及補償條例.xml
law/二二八事件處理及賠償條例.xml
law/交通事業人員任用條例.xml
law/交通事業人員考成條例.xml
law/交通部公路總局各區監理所組織通則.xml
law/交通部公路總局組織條例.xml
law/交通部民用航空局組織條例.xml
law/交通部組織法.xml
law/交通部臺灣鐵路管理局所屬分支機構組織通則.xml
law/交通部臺灣鐵路管理局組織條例.xml
law/交通部觀光局組織條例.xml
law/交通部郵電事業人員退休撫卹條例.xml
law/人事管理條例.xml
law/人口販運防制法.xml
law/人工生殖法.xml
law/人民團體法.xml
law/人類免疫缺乏病毒傳染防治及感染者權益保障條例.xml
law/人體器官移植條例.xml
law/人體生物資料庫管理條例.xml
law/人體研究法.xml
law/仲裁法.xml
law/企業併購法.xml
law/低放射性廢棄物最終處置設施場址設置條例.xml
law/住宅法.xml
law/使用牌照稅法.xml
law/促進民間參與公共建設法.xml
law/促進產業升級條例.xml
law/保全業法.xml
law/保安處分執行法.xml
law/保險法.xml
law/信用合作社法.xml
law/信託業法.xml
law/信託法.xml
law/個人資料保護法.xml
law/停車場法.xml
law/健康食品管理法.xml
law/傳染病防治法.xml
law/僑務委員會組織法.xml
law/優生保健法.xml
law/儲蓄互助社法.xml
law/光碟管理條例.xml
law/兒童及少年性交易防制條例.xml
law/兒童及少年福利法.xml
law/兒童及少年福利與權益保障法.xml
law/兒童權利公約施行法.xml
law/兒童福利法.xml
law/入出國及移民法.xml
law/內政部入出國及移民署組織法.xml
law/內政部建築研究所組織法.xml
law/內政部役政署組織法.xml
law/內政部消防署組織條例.xml
law/內政部移民署組織法.xml
law/內政部空中勤務總隊組織法.xml
law/內政部組織法.xml
law/內政部警政署保安警察總隊組織通則.xml
law/內政部警政署刑事警察局組織條例.xml
law/內政部警政署國家公園警察大隊組織條例.xml
law/內政部警政署國道公路警察局組織條例.xml
law/內政部警政署民防防情指揮管制所組織條例.xml
law/內政部警政署港務警察局組織通則.xml
law/內政部警政署組織條例.xml
law/內政部警政署組織法.xml
law/內政部警政署臺灣保安警察總隊組織條例.xml
law/內政部警政署航空警察局組織條例.xml
law/內政部警政署警察廣播電臺組織條例.xml
law/內政部警政署警察機械修理廠組織條例.xml
law/內政部警政署警察電訊所組織條例.xml
law/內政部警政署鐵路警察局組織條例.xml
law/全民健康保險法.xml
law/全民國防教育法.xml
law/全民防衛動員準備法.xml
law/兩性工作平等法.xml
law/公共債務法.xml
law/公共場所母乳哺育條例.xml
law/公共服務擴大就業暫行條例.xml
law/公共電視法.xml
law/公務人力發展中心組織條例.xml
law/公務人員交代條例.xml
law/公務人員任用法.xml
law/公務人員保障暨培訓委員會組織法.xml
law/公務人員保障法.xml
law/公務人員保險法.xml
law/公務人員俸給法.xml
law/公務人員升官等考試法.xml
law/公務人員協會法.xml
law/公務人員撫卹法.xml
law/公務人員考績法.xml
law/公務人員考試法.xml
law/公務人員行政中立法.xml
law/公務人員訓練進修法.xml
law/公務人員退休撫卹基金監理委員會組織條例.xml
law/公務人員退休撫卹基金管理條例.xml
law/公務人員退休法.xml
law/公務人員陞遷法.xml
law/公務員懲戒委員會組織法.xml
law/公務員懲戒法.xml
law/公務員服務法.xml
law/公司法.xml
law/公害糾紛處理法.xml
law/公寓大廈管理條例.xml
law/公平交易委員會組織法.xml
law/公平交易法.xml
law/公庫法.xml
law/公教人員保險法.xml
law/公文程式條例.xml
law/公民投票法.xml
law/公民與政治權利國際公約及經濟社會文化權利國際公約施行法.xml
law/公營事業移轉民營條例.xml
law/公營大眾捷運股份有限公司設置管理條例.xml
law/公益勸募條例.xml
law/公益彩券發行條例.xml
law/公職人員利益衝突迴避法.xml
law/公職人員財產申報法.xml
law/公職人員選舉罷免法.xml
law/公設辯護人條例.xml
law/公證法.xml
law/公路法.xml
law/共同管道法.xml
law/兵役法.xml
law/兵役法施行法.xml
law/典試法.xml
law/再生能源發展條例.xml
law/冤獄賠償法.xml
law/冷凍空調業管理條例.xml
law/出版法.xml
law/刑事妥速審判法.xml
law/刑事補償法.xml
law/刑事訴訟法.xml
law/刑事訴訟法施行法.xml
law/刑法.xml
law/刑法判例彙編16-25年.xml
law/刑法判例彙編26-40年.xml
law/刑法判例彙編41-59年.xml
law/刑法判例彙編60-86年.xml
law/加值型及非加值型營業稅法.xml
law/加工出口區設置管理條例.xml
law/助產人員法.xml
law/助產士法.xml
law/動員戡亂時期國家安全法.xml
law/動物保護法.xml
law/動物傳染病防治條例.xml
law/動物用藥品管理法.xml
law/動產擔保交易法.xml
law/勞動基準法.xml
law/勞動契約法.xml
law/勞動檢查法.xml
law/勞動部勞動力發展署組織法.xml
law/勞動部勞動及職業安全衛生研究所組織法.xml
law/勞動部勞動基金運用局組織法.xml
law/勞動部勞工保險局組織法.xml
law/勞動部組織法.xml
law/勞動部職業安全衛生署組織法.xml
law/勞工保險局組織條例.xml
law/勞工保險條例.xml
law/勞工保險監理委員會組織條例.xml
law/勞工安全衛生法.xml
law/勞工退休基金監理會組織法.xml
law/勞工退休金條例.xml
law/勞資爭議處理法.xml
law/勳章條例.xml
law/化粧品衛生管理條例.xml
law/區域計畫法.xml
law/千禧年資訊年序爭議處理法.xml
law/印信條例.xml
law/印花稅法.xml
law/卸任總統副總統禮遇條例.xml
law/原住民敬老福利生活津貼暫行條例.xml
law/原住民族傳統智慧創作保護條例.xml
law/原住民族基本法.xml
law/原住民族委員會組織法.xml
law/原住民族工作權保障法.xml
law/原住民族教育法.xml
law/原住民身分法.xml
law/原子能法.xml
law/去氧核醣核酸採樣條例.xml
law/口腔健康法.xml
law/司法人員人事條例.xml
law/司法院司法人員研習所組織條例.xml
law/司法院大法官審理案件法.xml
law/司法院大法官會議法.xml
law/司法院組織法.xml
law/司法院解釋-院字1.xml
law/司法院解釋-院字2.xml
law/司法院解釋院解字.xml
law/各級學校扶助學生就學勸募條例.xml
law/合作社法.xml
law/呼吸治療師法.xml
law/商務仲裁條例.xml
law/商品標示法.xml
law/商品檢驗法.xml
law/商業團體法.xml
law/商業會計法.xml
law/商業登記法.xml
law/商標審查官資格條例.xml
law/商標法.xml
law/商港法.xml
law/噪音管制法.xml
law/嚴重急性呼吸道症候群防治及紓困暫行條例.xml
law/國史館組織條例.xml
law/國土測繪法.xml
law/國外期貨交易法.xml
law/國家中山科學研究院設置條例.xml
law/國家公園法.xml
law/國家圖書館組織法.xml
law/國家安全局組織法.xml
law/國家安全會議組織法.xml
law/國家安全法.xml
law/國家情報工作法.xml
law/國家教育研究院組織法.xml
law/國家文化藝術基金會設置條例.xml
law/國家文官培訓所組織條例.xml
law/國家文官學院組織法.xml
law/國家機密保護法.xml
law/國家災害防救科技中心設置條例.xml
law/國家發展委員會檔案管理局組織法.xml
law/國家發展委員會組織法.xml
law/國家總動員法.xml
law/國家表演藝術中心設置條例.xml
law/國家賠償法.xml
law/國家通訊傳播委員會組織法.xml
law/國家運動訓練中心設置條例.xml
law/國家金融安定基金設置及管理條例.xml
law/國家風景區管理處組織通則.xml
law/國庫券及短期借款條例.xml
law/國庫法.xml
law/國有財產法.xml
law/國民住宅條例.xml
law/國民大會代表選舉法.xml
law/國民大會同意權行使法.xml
law/國民大會組織法.xml
law/國民大會職權行使法.xml
law/國民年金法.xml
law/國民教育法.xml
law/國民體育法.xml
law/國營事業管理法.xml
law/國營國際機場園區股份有限公司設置條例.xml
law/國營港務股份有限公司設置條例.xml
law/國父陵園管理委員會組織條例.xml
law/國立中正文化中心設置條例.xml
law/國立中正紀念堂管理處組織條例.xml
law/國立中正紀念堂管理處組織法.xml
law/國立傳統藝術中心組織法.xml
law/國立公共資訊圖書館組織法.xml
law/國立國父紀念館組織法.xml
law/國立大學校院校務基金設置條例.xml
law/國立故宮博物院組織法.xml
law/國立教育廣播電臺分臺組織通則.xml
law/國立教育廣播電臺組織條例.xml
law/國立教育廣播電臺組織法.xml
law/國立歷史博物館組織條例.xml
law/國立歷史博物館組織法.xml
law/國立海洋生物博物館組織法.xml
law/國立海洋科技博物館組織法.xml
law/國立科學工藝博物館組織法.xml
law/國立編譯館組織條例.xml
law/國立自然科學博物館組織法.xml
law/國立臺灣博物館組織法.xml
law/國立臺灣史前文化博物館組織法.xml
law/國立臺灣圖書館組織法.xml
law/國立臺灣工藝研究發展中心組織法.xml
law/國立臺灣科學教育館組織法.xml
law/國立臺灣美術館組織法.xml
law/國立高級中等學校校務基金設置條例.xml
law/國籍法.xml
law/國籍法施行條例.xml
law/國軍老舊眷村改建條例.xml
law/國軍軍事勤務致人民傷亡損害補償條例.xml
law/國軍退除役官兵輔導委員會組織法.xml
law/國軍退除役官兵輔導條例.xml
law/國防工業發展基金設置條例.xml
law/國防法.xml
law/國防部主計局組織法.xml
law/國防部參謀本部組織法.xml
law/國防部政治作戰局組織法.xml
law/國防部組織法.xml
law/國防部軍備局組織法.xml
law/國防部軍醫局組織法.xml
law/國際合作發展基金會設置條例.xml
law/國際合作發展法.xml
law/國際機場園區發展條例.xml
law/國際金融業務條例.xml
law/圖書館法.xml
law/團體協約法.xml
law/土地徵收條例.xml
law/土地法.xml
law/土地法施行法.xml
law/土地稅法.xml
law/土壤及地下水污染整治法.xml
law/土石採取法.xml
law/在臺公司大陸地區股東股權行使條例.xml
law/地政士法.xml
law/地方制度法.xml
law/地方民意代表費用支給及村里長事務補助費補助條例.xml
law/地方稅法通則.xml
law/地籍清理條例.xml
law/地質法.xml
law/基隆河流域整治特別條例.xml
law/墳墓設置管理條例.xml
law/外交部及駐外館處文件證明條例.xml
law/外交部外交及國際事務學院組織法.xml
law/外交部組織法.xml
law/外交部領事事務局組織法.xml
law/外國人應專門職業及技術人員考試條例.xml
law/外國人投資條例.xml
law/外國法院委託事件協助法.xml
law/外國護照簽證條例.xml
law/外役監條例.xml
law/多層次傳銷管理法.xml
law/大學法.xml
law/大法官解釋1-50號理由書.xml
law/大法官解釋101-150號理由書.xml
law/大法官解釋151-200號理由書.xml
law/大法官解釋201-250號理由書.xml
law/大法官解釋251-300號理由書.xml
law/大法官解釋301-350號理由書.xml
law/大法官解釋351-400號理由書.xml
law/大法官解釋38-60年.xml
law/大法官解釋401-450號理由書.xml
law/大法官解釋451-500號理由書.xml
law/大法官解釋501-550號理由書.xml
law/大法官解釋51-100號理由書.xml
law/大法官解釋551-600號理由書.xml
law/大法官解釋601-650號理由書.xml
law/大法官解釋61-78年.xml
law/大法官解釋651-700號理由書.xml
law/大法官解釋651-700號理由書02.xml
law/大法官解釋701-750號理由書.xml
law/大法官解釋79-86年.xml
law/大法官解釋87-91年.xml
law/大法官解釋92-n年.xml
law/大理院解釋-統字.xml
law/大眾捷運法.xml
law/大眾運輸工具播音語言平等保障法.xml
law/大量解僱勞工保護法.xml
law/天然氣事業法.xml
law/契稅條例.xml
law/妨害兵役治罪條例.xml
law/妨害國家總動員懲罰暫行條例.xml
law/妨害國幣懲治條例.xml
law/妨害軍機治罪條例.xml
law/姓名條例.xml
law/娛樂稅法.xml
law/存款保險條例.xml
law/學位授予法.xml
law/學校教職員撫卹條例.xml
law/學校教職員退休條例.xml
law/學校法人及其所屬私立學校教職員退休撫卹離職資遣條例.xml
law/學校衛生法.xml
law/學生輔導法.xml
law/安寧緩和醫療條例.xml
law/客家基本法.xml
law/客家委員會組織法.xml
law/宣誓條例.xml
law/室內空氣品質管理法.xml
law/家事事件法.xml
law/家庭教育法.xml
law/家庭暴力防治法.xml
law/審計人員任用條例.xml
law/審計法.xml
law/審計處室組織通則.xml
law/審計部組織法.xml
law/專利審查官資格條例.xml
law/專利師法.xml
law/專利法.xml
law/專科學校法.xml
law/專門職業及技術人員考試法.xml
law/專門職業及技術人員轉任公務人員條例.xml
law/少年事件處理法.xml
law/少年及家事法院組織法.xml
law/少年矯正學校設置及教育實施通則.xml
law/少年福利法.xml
law/少年觀護所設置及實施通則.xml
law/少年輔育院條例.xml
law/就業保險法.xml
law/就業服務法.xml
law/山坡地保育利用條例.xml
law/工廠法.xml
law/工廠管理輔導法.xml
law/工會法.xml
law/工業團體法.xml
law/工業技術研究院設置條例.xml
law/工程受益費徵收條例.xml
law/工程技術顧問公司管理條例.xml
law/市區道路條例.xml
law/師資培育法.xml
law/平均地權條例.xml
law/幼兒教育及照顧法.xml
law/幼稚教育法.xml
law/度量衡法.xml
law/廢棄物清理法.xml
law/廣播電視法.xml
law/建築師法.xml
law/建築法.xml
law/引水法.xml
law/引渡法.xml
law/強制執行法.xml
law/強制汽車責任保險法.xml
law/強迫入學條例.xml
law/律師法.xml
law/後備軍人轉任公職考試比敘條例.xml
law/後天免疫缺乏症候群防治條例.xml
law/心理師法.xml
law/志願士兵服役條例.xml
law/志願服務法.xml
law/性侵害犯罪防治法.xml
law/性別工作平等法.xml
law/性別平等教育法.xml
law/性騷擾防治法.xml
law/憲法.xml
law/懲治叛亂條例.xml
law/懲治盜匪條例.xml
law/懲治走私條例.xml
law/戒嚴時期不當叛亂暨匪諜審判案件補償條例.xml
law/戒嚴時期人民受損權利回復條例.xml
law/戒嚴法.xml
law/戒治處分執行條例.xml
law/戡亂時期檢肅匪諜條例.xml
law/戡亂時期肅清煙毒條例.xml
law/戡亂時期貪污治罪條例.xml
law/戰地公務人員管理條例.xml
law/戰士授田憑據處理條例.xml
law/戰時禁制品條例.xml
law/戰時軍律.xml
law/戶籍法.xml
law/房屋稅條例.xml
law/所得基本稅額條例.xml
law/所得稅法.xml
law/技師法.xml
law/技術人員任用條例.xml
law/投資經營非我國籍漁船管理條例.xml
law/振興經濟擴大公共建設特別條例.xml
law/振興經濟消費券發放特別條例.xml
law/提存法.xml
law/提審法.xml
law/擴大公共建設投資特別條例.xml
law/擴大公共建設振興經濟暫行條例.xml
law/放射性物料管理法.xml
law/政務人員退職撫卹條例.xml
law/政務人員退職酬勞金給與條例.xml
law/政府採購法.xml
law/政府資訊公開法.xml
law/政治獻金法.xml
law/政風機構人員設置條例.xml
law/政風機構人員設置管理條例.xml
law/教師法.xml
law/教育人員任用條例.xml
law/教育基本法.xml
law/教育會法.xml
law/教育經費編列與管理法.xml
law/教育部國民及學前教育署組織法.xml
law/教育部組織法.xml
law/教育部青年發展署組織法.xml
law/教育部體育署組織法.xml
law/敬老福利生活津貼暫行條例.xml
law/文化創意產業發展法.xml
law/文化藝術獎助條例.xml
law/文化資產保存法.xml
law/文化部影視及流行音樂產業局組織法.xml
law/文化部文化資產局組織法.xml
law/文化部組織法.xml
law/新市鎮開發條例.xml
law/智慧財產案件審理法.xml
law/智慧財產法院組織法.xml
law/更生保護法.xml
law/曾文南化烏山頭水庫治理及穩定南部地區供水特別條例.xml
law/替代役實施條例.xml
law/最高法院刑事庭會議決議01.xml
law/最高法院刑事庭會議決議02.xml
law/最高法院刑事庭會議決議03.xml
law/最高法院刑事庭會議決議04.xml
law/最高法院最新刑事判例.xml
law/最高法院最新民事判例.xml
law/最高法院民事庭會議決議01.xml
law/最高法院民事庭會議決議02.xml
law/最高法院民事庭會議決議03.xml
law/最高法院民事庭會議決議04.xml
law/最高法院解釋-解字.xml
law/最高行政法院判例彙編22-50年.xml
law/最高行政法院判例彙編51-60年.xml
law/最高行政法院判例彙編61-90年.xml
law/最高行政法院判例彙編91-n年.xml
law/會計師法.xml
law/會計法.xml
law/有線廣播電視法.xml
law/期貨交易法.xml
law/期貨交易稅條例.xml
law/核子事故緊急應變法.xml
law/核子反應器設施管制法.xml
law/核子損害賠償法.xml
law/森林法.xml
law/植物品種及種苗法.xml
law/植物種苗法.xml
law/植物防疫檢疫法.xml
law/榮民總醫院組織通則.xml
law/槍砲彈藥刀械管制條例.xml
law/標準法.xml
law/檔案法.xml
law/檢肅流氓條例.xml
law/殘害人群治罪條例.xml
law/殯葬管理條例.xml
law/殺傷性地雷管制條例.xml
law/毒品危害防制條例.xml
law/毒性化學物質管理法.xml
law/民事訴訟合意選定法官審判暫行條例.xml
law/民事訴訟法.xml
law/民事訴訟法施行法.xml
law/民事訴訟費用法.xml
law/民刑事訴訟卷宗滅失案件處理法.xml
law/民國八十八年九月二十五日總統緊急命令.xml
law/民法.xml
law/民法債編施行法.xml
law/民法判例彙編16-25年.xml
law/民法判例彙編26-40年.xml
law/民法判例彙編41-60年.xml
law/民法判例彙編61-90年.xml
law/民法物權編施行法.xml
law/民法總則施行法.xml
law/民法繼承編施行法.xml
law/民法親屬編施行法.xml
law/民營公用事業監督條例.xml
law/民用航空法.xml
law/民防法.xml
law/氣象法.xml
law/水利法.xml
law/水土保持法.xml
law/水患治理特別條例.xml
law/水污染防治法.xml
law/決算法.xml
law/法務部司法官學院組織法.xml
law/法務部司法官訓練所組織條例.xml
law/法務部廉政署組織法.xml
law/法務部戒治所組織通則.xml
law/法務部技能訓練所組織條例.xml
law/法務部法醫研究所組織條例.xml
law/法務部法醫研究所組織法.xml
law/法務部矯正人員訓練所組織條例.xml
law/法務部矯正署組織法.xml
law/法務部組織法.xml
law/法務部行政執行署組織條例.xml
law/法務部行政執行署組織法.xml
law/法務部調查局組織條例.xml
law/法務部調查局組織法.xml
law/法官學院組織法.xml
law/法官法.xml
law/法律扶助法.xml
law/法醫師法.xml
law/法院組織法.xml
law/洗錢防制法.xml
law/派用人員派用條例.xml
law/流域綜合治理特別條例.xml
law/海上捕獲條例.xml
law/海上捕獲法庭審判條例.xml
law/海商法.xml
law/海域石油礦探採條例.xml
law/海岸巡防機關器械使用條例.xml
law/海岸巡防法.xml
law/海洋污染防治法.xml
law/海關緝私條例.xml
law/消費者保護法.xml
law/消費者債務清理條例.xml
law/消防法.xml
law/消除對婦女一切形式歧視公約施行法.xml
law/涉外民事法律適用法.xml
law/測量標設置保護條例.xml
law/游離輻射防護法.xml
law/溫泉法.xml
law/漁會法.xml
law/漁業法.xml
law/漁港法.xml
law/漢生病病患人權保障及補償條例.xml
law/濕地保育法.xml
law/災害防救法.xml
law/無線電視事業公股處理條例.xml
law/營業秘密法.xml
law/營造業法.xml
law/營養師法.xml
law/爆竹煙火管理條例.xml
law/牙體技術師法.xml
law/物理治療師法.xml
law/特殊境遇婦女家庭扶助條例.xml
law/特殊境遇家庭扶助條例.xml
law/特殊教育法.xml
law/特種勤務條例.xml
law/特種貨物及勞務稅條例.xml
law/犯罪被害人保護法.xml
law/獎勵投資條例.xml
law/獎勵民間參與交通建設條例.xml
law/獎章條例.xml
law/獸醫師法.xml
law/現行法規所定貨幣單位折算新臺幣條例.xml
law/環境基本法.xml
law/環境影響評估法.xml
law/環境教育法.xml
law/環境用藥管理法.xml
law/生技新藥產業發展條例.xml
law/產業創新條例.xml
law/畜牧法.xml
law/當舖業法.xml
law/癌症防治法.xml
law/發展大眾運輸條例.xml
law/發展觀光條例.xml
law/監察法.xml
law/監察院各委員會組織法.xml
law/監察院監察委員行署組織條例.xml
law/監察院組織法.xml
law/監獄組織通則.xml
law/監獄行刑法.xml
law/監督寺廟條例.xml
law/監試法.xml
law/看守所組織通則.xml
law/石油管理法.xml
law/石門水庫及其集水區整治特別條例.xml
law/破產法.xml
law/破產法施行法.xml
law/礦場安全法.xml
law/礦業法.xml
law/社會工作師法.xml
law/社會救助法.xml
law/社會教育法.xml
law/社會秩序維護法.xml
law/票券金融管理法.xml
law/票據法.xml
law/祭祀公業條例.xml
law/私立學校教職員保險條例.xml
law/私立學校法.xml
law/科學工業園區設置管理條例.xml
law/科學技術基本法.xml
law/科技部中部科學工業園區管理局組織法.xml
law/科技部南部科學工業園區管理局組織法.xml
law/科技部新竹科學工業園區管理局組織法.xml
law/科技部組織法.xml
law/稅捐稽徵法.xml
law/積體電路電路布局保護法.xml
law/空中大學設置條例.xml
law/空氣污染防制法.xml
law/竊盜犯贓物犯保安處分條例.xml
law/立法委員行為法.xml
law/立法院各委員會組織法.xml
law/立法院立法委員選舉罷免法.xml
law/立法院立法委員選舉罷免法施行條例.xml
law/立法院組織法.xml
law/立法院職權行使法.xml
law/第一屆資深中央民意代表自願退職條例.xml
law/管制藥品管理條例.xml
law/管收條例.xml
law/管理外匯條例.xml
law/簡易人壽保險法.xml
law/精神衛生法.xml
law/糧食管理法.xml
law/終身學習法.xml
law/組織犯罪防制條例.xml
law/統計法.xml
law/經濟部中央標準局組織條例.xml
law/經濟部加工出口區管理處所屬各分處組織通則.xml
law/經濟部加工出口區管理處組織條例.xml
law/經濟部智慧財產局組織條例.xml
law/經濟部組織法.xml
law/緊急醫療救護法.xml
law/總統副總統及特任人員月俸公費支給暫行條例.xml
law/總統副總統待遇支給條例.xml
law/總統副總統選舉罷免法.xml
law/罕見疾病防治及藥物法.xml
law/罰金罰鍰提高標準條例.xml
law/羈押法.xml
law/老人福利法.xml
law/老年農民福利津貼暫行條例.xml
law/考試院組織法.xml
law/考選部組織法.xml
law/耕地三七五減租條例.xml
law/聘用人員聘用條例.xml
law/職工福利金條例.xml
law/職業學校法.xml
law/職業安全衛生法.xml
law/職業災害勞工保護法.xml
law/職業訓練法.xml
law/職能治療師法.xml
law/聽力師法.xml
law/肅清煙毒條例.xml
law/肥料管理法.xml
law/能源管理法.xml
law/自來水法.xml
law/自由貿易港區設置管理條例.xml
law/自衛槍枝管理條例.xml
law/臺灣地區砂糖平準基金條例.xml
law/臺灣地區與大陸地區人民關係條例.xml
law/臺灣省政府功能業務與組織調整暫行條例.xml
law/臺灣省政府業務與組織調整暫行條例.xml
law/臺灣菸酒股份有限公司條例.xml
law/臺灣警察專科學校組織條例.xml
law/臺灣金融控股股份有限公司條例.xml
law/航業法.xml
law/船員法.xml
law/船舶法.xml
law/船舶登記法.xml
law/花東地區發展條例.xml
law/莫拉克颱風災後重建特別條例.xml
law/華僑回國投資條例.xml
law/華僑身分證明條例.xml
law/菸害防制法.xml
law/菸酒稅法.xml
law/菸酒管理法.xml
law/著作權仲介團體條例.xml
law/著作權法.xml
law/著作權集體管理團體條例.xml
law/蒙藏委員會組織法.xml
law/蒙藏族身分證明條例.xml
law/蒙藏邊區人員任用條例.xml
law/藝術教育法.xml
law/藥事法.xml
law/藥害救濟法.xml
law/藥師法.xml
law/藥物藥商管理法.xml
law/血液製劑條例.xml
law/行刑累進處遇條例.xml
law/行政執行法.xml
law/行政執行處組織通則.xml
law/行政法人法.xml
law/行政法院庭長法官聯席會議01.xml
law/行政法院庭長法官聯席會議02.xml
law/行政法院庭長法官聯席會議03.xml
law/行政法院庭長法官聯席會議04.xml
law/行政法院組織法.xml
law/行政程序法.xml
law/行政罰法.xml
law/行政訴訟法.xml
law/行政訴訟法施行法.xml
law/行政院主計總處組織法.xml
law/行政院人事行政局組織條例.xml
law/行政院人事行政總處公務人力發展中心組織法.xml
law/行政院人事行政總處地方行政研習中心組織法.xml
law/行政院人事行政總處組織法.xml
law/行政院公平交易委員會組織條例.xml
law/行政院功能業務與組織調整暫行條例.xml
law/行政院勞工委員會組織條例.xml
law/行政院勞工委員會職業訓練局組織條例.xml
law/行政院原住民族委員會組織條例.xml
law/行政院原子能委員會組織條例.xml
law/行政院國家科學委員會組織條例.xml
law/行政院國軍退除役官兵輔導委員會組織條例.xml
law/行政院大陸委員會組織條例.xml
law/行政院客家委員會組織條例.xml
law/行政院海岸巡防署海岸巡防總局各地區巡防局組織通則.xml
law/行政院海岸巡防署海岸巡防總局組織條例.xml
law/行政院海岸巡防署海洋巡防總局組織條例.xml
law/行政院海岸巡防署組織法.xml
law/行政院組織法.xml
law/行政院衛生署中央健康保險局組織法.xml
law/行政院衛生署疾病管制局組織條例.xml
law/行政院衛生署組織法.xml
law/行政院衛生署預防醫學研究所組織條例.xml
law/行政院衛生署食品藥物管理局組織法.xml
law/行政院農業委員會水土保持局組織法.xml
law/行政院金融監督管理委員會組織法.xml
law/行政院金融監督管理委員會銀行局組織法.xml
law/行政院金融重建基金設置及管理條例.xml
law/衛星廣播電視法.xml
law/衛生福利部中央健康保險署組織法.xml
law/衛生福利部國家中醫藥研究所組織法.xml
law/衛生福利部國民健康署組織法.xml
law/衛生福利部疾病管制署組織法.xml
law/衛生福利部社會及家庭署組織法.xml
law/衛生福利部組織法.xml
law/衛生福利部食品藥物管理署組織法.xml
law/補習及進修教育法.xml
law/褒揚條例.xml
law/要塞堡壘地帶法.xml
law/規費法.xml
law/觀察勒戒處分執行條例.xml
law/解剖屍體條例.xml
law/記帳士法.xml
law/訴願法.xml
law/語言治療師法.xml
law/調度司法警察條例.xml
law/請願法.xml
law/證人保護法.xml
law/證券交易法.xml
law/證券交易稅條例.xml
law/證券投資人及期貨交易人保護法.xml
law/證券投資信託及顧問法.xml
law/警察人員人事條例.xml
law/警察人員管理條例.xml
law/警察刑事紀錄證明核發條例.xml
law/警察勤務條例.xml
law/警察教育條例.xml
law/警察服制條例.xml
law/警察法.xml
law/警察消防海巡移民空勤人員及協勤民力安全基金設置管理條例.xml
law/警察消防海巡空勤人員及協勤民力安全基金設置管理條例.xml
law/警察獎章條例.xml
law/警察職權行使法.xml
law/警械使用條例.xml
law/護照條例.xml
law/護理人員法.xml
law/財務罰鍰處理暫行條例.xml
law/財團法人原住民族文化事業基金會設置條例.xml
law/財政收支劃分法.xml
law/財政部各地區國稅局組織通則.xml
law/財政部各地區支付處組織通則.xml
law/財政部國庫署組織法.xml
law/財政部國有財產局組織條例.xml
law/財政部國有財產署組織法.xml
law/財政部組織法.xml
law/財政部財政資訊中心組織法.xml
law/財政部財稅資料中心組織條例.xml
law/財政部賦稅署組織法.xml
law/財政部關務署組織法.xml
law/貨物稅條例.xml
law/貪污治罪條例.xml
law/貿易法.xml
law/資源回收再利用法.xml
law/赦免法.xml
law/跨國移交受刑人法.xml
law/身心障礙者保護法.xml
law/身心障礙者權利公約施行法.xml
law/身心障礙者權益保障法.xml
law/軍事審判法.xml
law/軍事審判法施行法.xml
law/軍事教育條例.xml
law/軍人保險條例.xml
law/軍人及其家屬優待條例.xml
law/軍人待遇條例.xml
law/軍人撫卹條例.xml
law/軍公教遺族就學費用優待條例.xml
law/軍法人員轉任司法官條例.xml
law/農地重劃條例.xml
law/農會法.xml
law/農村再生條例.xml
law/農村社區土地重劃條例.xml
law/農業發展條例.xml
law/農業科技園區設置管理條例.xml
law/農業金融法.xml
law/農民健康保險條例.xml
law/農產品市場交易法.xml
law/農產品生產及驗證管理法.xml
law/農田水利會組織通則.xml
law/農藥管理法.xml
law/通訊保障及監察法.xml
law/通訊傳播基本法.xml
law/遊說法.xml
law/運動彩券發行條例.xml
law/運動產業發展條例.xml
law/道路交通管理處罰條例.xml
law/違警罰法.xml
law/遺產及贈與稅法.xml
law/郵政儲金匯兌法.xml
law/郵政儲金法.xml
law/郵政法.xml
law/都市更新條例.xml
law/都市計畫法.xml
law/鄉鎮市調解條例.xml
law/醫事人員人事條例.xml
law/醫事放射師法.xml
law/醫事檢驗師法.xml
law/醫師法.xml
law/醫療法.xml
law/野生動物保育法.xml
law/金融控股公司法.xml
law/金融機構合併法.xml
law/金融消費者保護法.xml
law/金融監督管理委員會保險局組織法.xml
law/金融監督管理委員會檢查局組織法.xml
law/金融監督管理委員會組織法.xml
law/金融監督管理委員會證券期貨局組織法.xml
law/金融監督管理委員會銀行局組織法.xml
law/金融資產證券化條例.xml
law/金門馬祖東沙南沙地區安全及輔導條例.xml
law/銀行法.xml
law/銓敘部組織法.xml
law/鐵路法.xml
law/鐵路軍事運輸條例.xml
law/關務人員人事條例.xml
law/關稅法.xml
law/防空法.xml
law/陸海空軍刑法.xml
law/陸海空軍勳賞條例.xml
law/陸海空軍懲罰法.xml
law/陸海空軍服制條例.xml
law/陸海空軍獎勵條例.xml
law/陸海空軍軍官士官任官條例.xml
law/陸海空軍軍官士官任職條例.xml
law/陸海空軍軍官士官服役條例.xml
law/陸海空軍軍官士官考績條例.xml
law/陸海空軍軍旗條例.xml
law/集會遊行法.xml
law/離島建設條例.xml
law/零售市場管理條例.xml
law/電信法.xml
law/電子票證發行管理條例.xml
law/電子簽章法.xml
law/電子遊戲場業管理條例.xml
law/電影法.xml
law/電業法.xml
law/電腦處理個人資料保護法.xml
law/非訟事件法.xml
law/預算法.xml
law/飛航事故調查法.xml
law/飛航安全調查委員會組織法.xml
law/食品安全衛生管理法.xml
law/食品衛生管理法.xml
law/飲用水管理條例.xml
law/飼料管理法.xml
law/香港澳門關係條例.xml
law/駐外外交領事人員任用條例.xml
law/駐外機構組織通則.xml
law/駐華外國機構及其人員特權暨豁免條例.xml
law/高級中學法.xml
law/高級中等學校建教合作實施及建教生權益保障法.xml
law/高級中等教育法.xml
law/麻醉藥品管理條例.xml